2025-06-05 13:28:45,358 - Entry CE: NIFTY2560525050CE @ 2.8, PE: NIFTY2560524550PE @ 1.9, Total cost: 352.49999999999994
2025-06-05 13:28:45,755 - Placed BUY order for NIFTY2560525050CE
2025-06-05 13:28:45,859 - Placed BUY order for NIFTY2560524550PE
2025-06-05 13:28:45,860 - SL: 343.68749999999994, Target: 370.12499999999994
2025-06-05 13:28:50,970 - Live CE: 2.75, PE: 1.95, Combined: 352.5
2025-06-05 13:28:56,078 - Live CE: 2.8, PE: 2, Combined: 360.0
2025-06-05 13:29:01,182 - Live CE: 2.65, PE: 2, Combined: 348.75
2025-06-05 13:29:06,310 - Live CE: 2.65, PE: 2.15, Combined: 360.0
2025-06-05 13:29:11,421 - Live CE: 2.6, PE: 2.05, Combined: 348.75
2025-06-05 13:29:16,522 - Live CE: 2.55, PE: 2.1, Combined: 348.75
2025-06-05 13:29:21,682 - Live CE: 2.65, PE: 2.05, Combined: 352.49999999999994
2025-06-05 13:29:26,803 - Live CE: 2.75, PE: 2.3, Combined: 378.75
2025-06-05 13:29:26,803 - TARGET HIT — Exiting positions
2025-06-05 13:29:27,006 - Squared off NIFTY2560525050CE
2025-06-05 13:29:27,210 - Squared off NIFTY2560524550PE
2025-06-05 13:37:50,260 - INFO - Waiting for entry time...
2025-06-05 13:37:50,265 - INFO - Entry time reached, placing OTM straddle
2025-06-05 13:37:52,023 - INFO - Placing BUY order for NIFTY2560525250CE
2025-06-05 13:39:05,889 - INFO - Waiting for entry time...
2025-06-05 13:39:05,890 - INFO - Entry time reached, placing OTM straddle
2025-06-05 13:39:07,734 - INFO - Placing BUY order for NIFTY2560525250CE
2025-06-05 13:39:07,803 - INFO - Placing BUY order for NIFTY2560524250PE
2025-06-05 13:39:07,876 - INFO - Bought CE: NIFTY2560525250CE at 0.45, PE: NIFTY2560524250PE at 0.3, Total Cost: 56.25
2025-06-05 13:39:13,063 - INFO - CE LTP: 0.45, PE LTP: 0.35, PnL: 6.67%
2025-06-05 13:39:13,067 - INFO - Trailing SL updated to 4.50%
2025-06-05 13:39:13,067 - INFO - Target hit. Exiting...
2025-06-05 13:39:13,206 - INFO - Squared off NIFTY2560525250CE
2025-06-05 13:39:13,351 - INFO - Squared off NIFTY2560524250PE
2025-06-05 13:59:47,452 - INFO - Waiting for entry time...
2025-06-05 13:59:47,453 - INFO - Entry time reached, placing OTM straddle
2025-06-05 13:59:49,178 - INFO - Placing BUY order for NIFTY2561225250CE
2025-06-05 13:59:49,228 - INFO - Placing BUY order for NIFTY2561224250PE
2025-06-05 13:59:49,281 - INFO - Bought CE: NIFTY2561225250CE at 46, PE: NIFTY2561224250PE at 40.2, Total Cost: 6465.0
2025-06-05 13:59:54,332 - INFO - CE LTP: 45.65, PE LTP: 40.2, Combined PnL: -0.41%
2025-06-05 13:59:59,380 - INFO - CE LTP: 45.95, PE LTP: 39.85, Combined PnL: -0.46%
2025-06-05 14:00:04,383 - INFO - Exit time reached. Exiting positions.
2025-06-05 14:00:04,511 - INFO - Squared off NIFTY2561225250CE
2025-06-05 14:00:04,619 - INFO - Squared off NIFTY2561224250PE
2025-06-05 14:03:51,224 - INFO - Waiting for entry time...
2025-06-05 14:03:51,227 - INFO - Entry time reached, placing OTM straddle
2025-06-05 14:03:53,620 - INFO - Placing BUY order for NIFTY2561225200CE
2025-06-05 14:03:53,732 - INFO - Placing BUY order for NIFTY2561224200PE
2025-06-05 14:03:53,840 - INFO - Bought CE: NIFTY2561225200CE at 48.4, PE: NIFTY2561224200PE at 35.7, Total Cost: 6307.5
2025-06-05 14:03:58,941 - INFO - CE LTP: 48.4, PE LTP: 35.5, Combined PnL: -0.24%
2025-06-05 14:04:04,306 - INFO - CE LTP: 48.4, PE LTP: 35.6, Combined PnL: -0.12%
2025-06-05 14:04:09,417 - INFO - CE LTP: 49.05, PE LTP: 35.15, Combined PnL: 0.12%
2025-06-05 14:04:14,536 - INFO - CE LTP: 49.75, PE LTP: 34.4, Combined PnL: 0.06%
2025-06-05 14:04:19,661 - INFO - CE LTP: 49.7, PE LTP: 34.6, Combined PnL: 0.24%
2025-06-05 14:04:24,783 - INFO - CE LTP: 49.65, PE LTP: 34.4, Combined PnL: -0.06%
2025-06-05 14:04:29,897 - INFO - CE LTP: 49.45, PE LTP: 34.6, Combined PnL: -0.06%
2025-06-05 14:04:35,023 - INFO - CE LTP: 49.45, PE LTP: 34.8, Combined PnL: 0.18%
2025-06-05 14:04:40,185 - INFO - CE LTP: 49.35, PE LTP: 34.75, Combined PnL: 0.00%
2025-06-05 14:04:45,292 - INFO - CE LTP: 49.65, PE LTP: 34.35, Combined PnL: -0.12%
2025-06-05 14:04:50,394 - INFO - CE LTP: 49.35, PE LTP: 34.45, Combined PnL: -0.36%
2025-06-05 14:04:55,570 - INFO - CE LTP: 48.9, PE LTP: 34.95, Combined PnL: -0.30%
2025-06-05 14:05:00,676 - INFO - CE LTP: 48.55, PE LTP: 35.05, Combined PnL: -0.59%
2025-06-05 14:05:05,833 - INFO - CE LTP: 48.75, PE LTP: 35.25, Combined PnL: -0.12%
2025-06-05 14:05:11,011 - INFO - CE LTP: 48.8, PE LTP: 35, Combined PnL: -0.36%
2025-06-05 14:05:16,127 - INFO - CE LTP: 48.85, PE LTP: 35.05, Combined PnL: -0.24%
2025-06-05 14:05:21,308 - INFO - CE LTP: 49.4, PE LTP: 34.7, Combined PnL: 0.00%
2025-06-05 14:05:26,432 - INFO - CE LTP: 49.35, PE LTP: 34.9, Combined PnL: 0.18%
2025-06-05 14:05:31,560 - INFO - CE LTP: 49.35, PE LTP: 34.65, Combined PnL: -0.12%
2025-06-05 14:05:36,701 - INFO - CE LTP: 49.6, PE LTP: 34.55, Combined PnL: 0.06%
2025-06-05 14:05:41,818 - INFO - CE LTP: 49.95, PE LTP: 34.45, Combined PnL: 0.36%
2025-06-05 14:05:46,916 - INFO - CE LTP: 49.6, PE LTP: 34.5, Combined PnL: 0.00%
2025-06-05 14:05:52,042 - INFO - CE LTP: 49.8, PE LTP: 34, Combined PnL: -0.36%
2025-06-05 14:05:57,153 - INFO - CE LTP: 49.95, PE LTP: 33.65, Combined PnL: -0.59%
2025-06-05 14:06:02,266 - INFO - CE LTP: 49.95, PE LTP: 33.65, Combined PnL: -0.59%
2025-06-05 14:06:07,369 - INFO - CE LTP: 50, PE LTP: 33.9, Combined PnL: -0.24%
2025-06-05 14:06:12,495 - INFO - CE LTP: 49.75, PE LTP: 34.35, Combined PnL: 0.00%
2025-06-05 14:06:17,609 - INFO - CE LTP: 49.9, PE LTP: 34.35, Combined PnL: 0.18%
2025-06-05 14:06:22,736 - INFO - CE LTP: 50.05, PE LTP: 34, Combined PnL: -0.06%
2025-06-05 14:06:27,851 - INFO - CE LTP: 49.55, PE LTP: 34.5, Combined PnL: -0.06%
2025-06-05 14:06:32,960 - INFO - CE LTP: 49.5, PE LTP: 34.6, Combined PnL: 0.00%
2025-06-05 14:06:38,066 - INFO - CE LTP: 49.05, PE LTP: 35, Combined PnL: -0.06%
2025-06-05 14:06:43,230 - INFO - CE LTP: 49.7, PE LTP: 34.85, Combined PnL: 0.54%
2025-06-05 14:06:48,365 - INFO - CE LTP: 50, PE LTP: 34.55, Combined PnL: 0.54%
2025-06-05 14:06:53,485 - INFO - CE LTP: 50.1, PE LTP: 34.3, Combined PnL: 0.36%
2025-06-05 14:06:58,587 - INFO - CE LTP: 50, PE LTP: 34.6, Combined PnL: 0.59%
2025-06-05 14:07:03,700 - INFO - CE LTP: 50.2, PE LTP: 34.25, Combined PnL: 0.42%
2025-06-05 14:07:08,804 - INFO - CE LTP: 50.3, PE LTP: 34.1, Combined PnL: 0.36%
2025-06-05 14:07:13,946 - INFO - CE LTP: 50.4, PE LTP: 33.75, Combined PnL: 0.06%
2025-06-05 14:07:19,070 - INFO - CE LTP: 50.35, PE LTP: 33.8, Combined PnL: 0.06%
2025-06-05 14:07:24,180 - INFO - CE LTP: 50.4, PE LTP: 34.1, Combined PnL: 0.48%
2025-06-05 14:07:29,318 - INFO - CE LTP: 51, PE LTP: 33.7, Combined PnL: 0.71%
2025-06-05 14:07:34,429 - INFO - CE LTP: 50.85, PE LTP: 33.55, Combined PnL: 0.36%
2025-06-05 14:07:39,537 - INFO - CE LTP: 50.85, PE LTP: 33.55, Combined PnL: 0.36%
2025-06-05 14:07:44,653 - INFO - CE LTP: 51.2, PE LTP: 33.7, Combined PnL: 0.95%
2025-06-05 14:07:49,777 - INFO - CE LTP: 50.95, PE LTP: 33.75, Combined PnL: 0.71%
2025-06-05 14:07:54,884 - INFO - CE LTP: 50.7, PE LTP: 33.75, Combined PnL: 0.42%
2025-06-05 14:08:00,004 - INFO - CE LTP: 50.6, PE LTP: 34, Combined PnL: 0.59%
2025-06-05 14:08:05,162 - INFO - CE LTP: 49.85, PE LTP: 34, Combined PnL: -0.30%
2025-06-05 14:08:10,274 - INFO - CE LTP: 50.3, PE LTP: 34.15, Combined PnL: 0.42%
2025-06-05 14:08:15,389 - INFO - CE LTP: 50.15, PE LTP: 34.4, Combined PnL: 0.54%
2025-06-05 14:08:20,492 - INFO - CE LTP: 50.2, PE LTP: 34.4, Combined PnL: 0.59%
2025-06-05 14:08:25,606 - INFO - CE LTP: 50.05, PE LTP: 34.25, Combined PnL: 0.24%
2025-06-05 14:08:30,719 - INFO - CE LTP: 49.85, PE LTP: 34.65, Combined PnL: 0.48%
2025-06-05 14:08:35,826 - INFO - CE LTP: 50.2, PE LTP: 34.45, Combined PnL: 0.65%
2025-06-05 14:08:41,009 - INFO - CE LTP: 50, PE LTP: 34.45, Combined PnL: 0.42%
2025-06-05 14:08:46,456 - INFO - CE LTP: 49.4, PE LTP: 34.95, Combined PnL: 0.30%
2025-06-05 14:08:51,568 - INFO - CE LTP: 49.3, PE LTP: 34.85, Combined PnL: 0.06%
2025-06-05 14:08:56,683 - INFO - CE LTP: 49.55, PE LTP: 35.1, Combined PnL: 0.65%
2025-06-05 14:09:01,832 - INFO - CE LTP: 49.4, PE LTP: 35, Combined PnL: 0.36%
2025-06-05 14:09:06,959 - INFO - CE LTP: 49.3, PE LTP: 35.15, Combined PnL: 0.42%
2025-06-05 14:09:12,093 - INFO - CE LTP: 49.2, PE LTP: 35.25, Combined PnL: 0.42%
2025-06-05 14:09:17,213 - INFO - CE LTP: 49.2, PE LTP: 35.15, Combined PnL: 0.30%
2025-06-05 14:09:22,319 - INFO - CE LTP: 48.2, PE LTP: 36.05, Combined PnL: 0.18%
2025-06-05 14:09:27,437 - INFO - CE LTP: 48.55, PE LTP: 35.4, Combined PnL: -0.18%
2025-06-05 14:09:32,548 - INFO - CE LTP: 49.2, PE LTP: 35.6, Combined PnL: 0.83%
2025-06-05 14:09:37,652 - INFO - CE LTP: 48.75, PE LTP: 35.55, Combined PnL: 0.24%
2025-06-05 14:09:42,837 - INFO - CE LTP: 49.4, PE LTP: 35.25, Combined PnL: 0.65%
2025-06-05 14:09:47,947 - INFO - CE LTP: 49.15, PE LTP: 35.45, Combined PnL: 0.59%
2025-06-05 14:09:53,085 - INFO - CE LTP: 49.2, PE LTP: 35.7, Combined PnL: 0.95%
2025-06-05 14:09:58,199 - INFO - CE LTP: 49, PE LTP: 35.45, Combined PnL: 0.42%
2025-06-05 14:10:03,294 - INFO - CE LTP: 49.15, PE LTP: 35.45, Combined PnL: 0.59%
2025-06-05 14:10:08,405 - INFO - CE LTP: 49.15, PE LTP: 35.65, Combined PnL: 0.83%
2025-06-05 14:10:13,493 - INFO - CE LTP: 48.8, PE LTP: 35.45, Combined PnL: 0.18%
2025-06-05 14:10:18,597 - INFO - CE LTP: 48.75, PE LTP: 35.45, Combined PnL: 0.12%
2025-06-05 14:10:23,708 - INFO - CE LTP: 48.85, PE LTP: 35.6, Combined PnL: 0.42%
2025-06-05 14:10:28,806 - INFO - CE LTP: 48.85, PE LTP: 35.45, Combined PnL: 0.24%
2025-06-05 14:10:33,918 - INFO - CE LTP: 48.9, PE LTP: 35.55, Combined PnL: 0.42%
2025-06-05 14:10:39,033 - INFO - CE LTP: 49, PE LTP: 35.55, Combined PnL: 0.54%
2025-06-05 14:10:44,160 - INFO - CE LTP: 48.95, PE LTP: 35.4, Combined PnL: 0.30%
2025-06-05 14:10:49,275 - INFO - CE LTP: 49.2, PE LTP: 35.05, Combined PnL: 0.18%
2025-06-05 14:10:54,398 - INFO - CE LTP: 49.2, PE LTP: 35.2, Combined PnL: 0.36%
2025-06-05 14:10:59,499 - INFO - CE LTP: 48.9, PE LTP: 35.3, Combined PnL: 0.12%
2025-06-05 14:11:04,606 - INFO - CE LTP: 47, PE LTP: 36.5, Combined PnL: -0.71%
2025-06-05 14:11:09,707 - INFO - CE LTP: 47.15, PE LTP: 36.4, Combined PnL: -0.65%
2025-06-05 14:11:14,832 - INFO - CE LTP: 46.25, PE LTP: 36.8, Combined PnL: -1.25%
2025-06-05 14:11:19,955 - INFO - CE LTP: 45.9, PE LTP: 36.85, Combined PnL: -1.61%
2025-06-05 14:11:25,121 - INFO - CE LTP: 46.05, PE LTP: 36.45, Combined PnL: -1.90%
2025-06-05 14:11:30,215 - INFO - CE LTP: 46.25, PE LTP: 36.25, Combined PnL: -1.90%
2025-06-05 14:11:35,332 - INFO - CE LTP: 46.2, PE LTP: 35.9, Combined PnL: -2.38%
2025-06-05 14:11:40,486 - INFO - CE LTP: 47.15, PE LTP: 35.45, Combined PnL: -1.78%
2025-06-05 14:11:45,636 - INFO - CE LTP: 46.85, PE LTP: 35.45, Combined PnL: -2.14%
2025-06-05 14:11:50,745 - INFO - CE LTP: 46.8, PE LTP: 35.4, Combined PnL: -2.26%
2025-06-05 14:11:55,855 - INFO - CE LTP: 46.95, PE LTP: 35.45, Combined PnL: -2.02%
2025-06-05 14:12:00,964 - INFO - CE LTP: 47, PE LTP: 35.3, Combined PnL: -2.14%
2025-06-05 14:12:06,064 - INFO - CE LTP: 47.2, PE LTP: 35.1, Combined PnL: -2.14%
2025-06-05 14:12:11,224 - INFO - CE LTP: 47.55, PE LTP: 35.1, Combined PnL: -1.72%
2025-06-05 14:12:16,331 - INFO - CE LTP: 47.5, PE LTP: 35.1, Combined PnL: -1.78%
2025-06-05 14:12:21,430 - INFO - CE LTP: 47.95, PE LTP: 34.9, Combined PnL: -1.49%
2025-06-05 14:12:26,538 - INFO - CE LTP: 48.35, PE LTP: 34.45, Combined PnL: -1.55%
2025-06-05 14:12:31,657 - INFO - CE LTP: 48.35, PE LTP: 34.5, Combined PnL: -1.49%
2025-06-05 14:12:36,760 - INFO - CE LTP: 48.1, PE LTP: 34.65, Combined PnL: -1.61%
2025-06-05 14:12:41,878 - INFO - CE LTP: 48.35, PE LTP: 34.35, Combined PnL: -1.66%
2025-06-05 14:12:46,979 - INFO - CE LTP: 48.3, PE LTP: 34.45, Combined PnL: -1.61%
2025-06-05 14:12:52,084 - INFO - CE LTP: 48.2, PE LTP: 34.6, Combined PnL: -1.55%
2025-06-05 14:12:57,196 - INFO - CE LTP: 48.15, PE LTP: 34.45, Combined PnL: -1.78%
2025-06-05 14:13:02,308 - INFO - CE LTP: 47.8, PE LTP: 35.1, Combined PnL: -1.43%
2025-06-05 14:13:07,413 - INFO - CE LTP: 48.15, PE LTP: 34.8, Combined PnL: -1.37%
2025-06-05 14:13:12,524 - INFO - CE LTP: 48.4, PE LTP: 34.6, Combined PnL: -1.31%
2025-06-05 14:13:17,640 - INFO - CE LTP: 48.35, PE LTP: 34.55, Combined PnL: -1.43%
2025-06-05 14:13:22,763 - INFO - CE LTP: 48.4, PE LTP: 34.55, Combined PnL: -1.37%
2025-06-05 14:13:27,864 - INFO - CE LTP: 48.2, PE LTP: 35.15, Combined PnL: -0.89%
2025-06-05 14:13:32,977 - INFO - CE LTP: 48.2, PE LTP: 35.2, Combined PnL: -0.83%
2025-06-05 14:13:38,088 - INFO - CE LTP: 48.5, PE LTP: 34.7, Combined PnL: -1.07%
2025-06-05 14:13:43,228 - INFO - CE LTP: 48.7, PE LTP: 34.75, Combined PnL: -0.77%
2025-06-05 14:13:48,329 - INFO - CE LTP: 48.65, PE LTP: 34.75, Combined PnL: -0.83%
2025-06-05 14:13:53,425 - INFO - CE LTP: 48.5, PE LTP: 34.65, Combined PnL: -1.13%
2025-06-05 14:13:58,534 - INFO - CE LTP: 48.6, PE LTP: 34.7, Combined PnL: -0.95%
2025-06-05 14:14:03,702 - INFO - CE LTP: 49, PE LTP: 34.35, Combined PnL: -0.89%
2025-06-05 14:14:08,804 - INFO - CE LTP: 49.25, PE LTP: 34.2, Combined PnL: -0.77%
2025-06-05 14:14:13,915 - INFO - CE LTP: 49.25, PE LTP: 34.25, Combined PnL: -0.71%
2025-06-05 14:14:19,017 - INFO - CE LTP: 49.2, PE LTP: 34, Combined PnL: -1.07%
2025-06-05 14:14:24,125 - INFO - CE LTP: 49.4, PE LTP: 34.2, Combined PnL: -0.59%
2025-06-05 14:14:29,240 - INFO - CE LTP: 49.55, PE LTP: 34.2, Combined PnL: -0.42%
2025-06-05 14:14:34,347 - INFO - CE LTP: 49.65, PE LTP: 33.65, Combined PnL: -0.95%
2025-06-05 14:14:39,467 - INFO - CE LTP: 50.05, PE LTP: 33.9, Combined PnL: -0.18%
2025-06-05 14:14:44,591 - INFO - CE LTP: 50.1, PE LTP: 33.6, Combined PnL: -0.48%
2025-06-05 14:14:49,706 - INFO - CE LTP: 50, PE LTP: 33.6, Combined PnL: -0.59%
2025-06-05 14:14:54,819 - INFO - CE LTP: 49.85, PE LTP: 33.6, Combined PnL: -0.77%
2025-06-05 14:14:59,921 - INFO - CE LTP: 49.95, PE LTP: 34, Combined PnL: -0.18%
2025-06-05 14:15:05,034 - INFO - CE LTP: 49.65, PE LTP: 34, Combined PnL: -0.54%
2025-06-05 14:15:10,130 - INFO - CE LTP: 49, PE LTP: 34.55, Combined PnL: -0.65%
2025-06-05 14:15:15,259 - INFO - CE LTP: 49.05, PE LTP: 34.8, Combined PnL: -0.30%
2025-06-05 14:15:20,370 - INFO - CE LTP: 49.15, PE LTP: 34.6, Combined PnL: -0.42%
2025-06-05 14:15:25,470 - INFO - CE LTP: 49.15, PE LTP: 34.6, Combined PnL: -0.42%
2025-06-05 14:15:30,569 - INFO - CE LTP: 49, PE LTP: 34.65, Combined PnL: -0.54%
2025-06-05 14:15:35,675 - INFO - CE LTP: 48.4, PE LTP: 34.75, Combined PnL: -1.13%
2025-06-05 14:15:40,781 - INFO - CE LTP: 48.5, PE LTP: 35, Combined PnL: -0.71%
2025-06-05 14:15:45,889 - INFO - CE LTP: 48.45, PE LTP: 35.15, Combined PnL: -0.59%
2025-06-05 14:15:51,021 - INFO - CE LTP: 48.6, PE LTP: 34.95, Combined PnL: -0.65%
2025-06-05 14:15:56,137 - INFO - CE LTP: 48.8, PE LTP: 35.15, Combined PnL: -0.18%
2025-06-05 14:16:01,264 - INFO - CE LTP: 48.65, PE LTP: 35.5, Combined PnL: 0.06%
2025-06-05 14:16:06,384 - INFO - CE LTP: 48.9, PE LTP: 35.3, Combined PnL: 0.12%
2025-06-05 14:16:11,495 - INFO - CE LTP: 48.8, PE LTP: 35.35, Combined PnL: 0.06%
2025-06-05 14:16:16,663 - INFO - CE LTP: 48.45, PE LTP: 35.55, Combined PnL: -0.12%
2025-06-05 14:16:21,767 - INFO - CE LTP: 48.7, PE LTP: 35.75, Combined PnL: 0.42%
2025-06-05 14:16:26,892 - INFO - CE LTP: 48.6, PE LTP: 35.6, Combined PnL: 0.12%
2025-06-05 14:16:31,999 - INFO - CE LTP: 48.1, PE LTP: 36.05, Combined PnL: 0.06%
2025-06-05 14:16:37,106 - INFO - CE LTP: 48.05, PE LTP: 36.2, Combined PnL: 0.18%
2025-06-05 14:16:42,235 - INFO - CE LTP: 47.95, PE LTP: 36.25, Combined PnL: 0.12%
2025-06-05 14:16:47,355 - INFO - CE LTP: 47.95, PE LTP: 36.3, Combined PnL: 0.18%
2025-06-05 14:16:52,455 - INFO - CE LTP: 48.15, PE LTP: 36.2, Combined PnL: 0.30%
2025-06-05 14:16:57,579 - INFO - CE LTP: 48.15, PE LTP: 36, Combined PnL: 0.06%
2025-06-05 14:17:02,686 - INFO - CE LTP: 48.35, PE LTP: 35.75, Combined PnL: 0.00%
2025-06-05 14:17:07,807 - INFO - CE LTP: 48.45, PE LTP: 36, Combined PnL: 0.42%
2025-06-05 14:17:12,956 - INFO - CE LTP: 48.45, PE LTP: 35.9, Combined PnL: 0.30%
2025-06-05 14:17:18,082 - INFO - CE LTP: 47.95, PE LTP: 35.85, Combined PnL: -0.36%
2025-06-05 14:17:23,208 - INFO - CE LTP: 48, PE LTP: 36.4, Combined PnL: 0.36%
2025-06-05 14:17:28,314 - INFO - CE LTP: 47.9, PE LTP: 36.1, Combined PnL: -0.12%
2025-06-05 14:17:33,437 - INFO - CE LTP: 48.1, PE LTP: 36, Combined PnL: 0.00%
2025-06-05 14:17:38,535 - INFO - CE LTP: 48.5, PE LTP: 35.6, Combined PnL: 0.00%
2025-06-05 14:17:43,676 - INFO - CE LTP: 48.45, PE LTP: 35.8, Combined PnL: 0.18%
2025-06-05 14:17:48,797 - INFO - CE LTP: 48, PE LTP: 35.95, Combined PnL: -0.18%
2025-06-05 14:17:54,259 - INFO - CE LTP: 48.3, PE LTP: 35.75, Combined PnL: -0.06%
2025-06-05 14:17:59,377 - INFO - CE LTP: 48.4, PE LTP: 35.9, Combined PnL: 0.24%
2025-06-05 14:18:04,680 - INFO - CE LTP: 48.4, PE LTP: 35.9, Combined PnL: 0.24%
2025-06-05 14:18:09,791 - INFO - CE LTP: 48.9, PE LTP: 35.65, Combined PnL: 0.54%
2025-06-05 14:18:14,919 - INFO - CE LTP: 48.7, PE LTP: 35.75, Combined PnL: 0.42%
2025-06-05 14:18:20,108 - INFO - CE LTP: 48.9, PE LTP: 35.55, Combined PnL: 0.42%
2025-06-05 14:18:25,215 - INFO - CE LTP: 49.3, PE LTP: 35.4, Combined PnL: 0.71%
2025-06-05 14:18:30,389 - INFO - CE LTP: 49.2, PE LTP: 35.4, Combined PnL: 0.59%
2025-06-05 14:18:35,560 - INFO - CE LTP: 49.3, PE LTP: 35.55, Combined PnL: 0.89%
2025-06-05 14:18:40,663 - INFO - CE LTP: 49.55, PE LTP: 35.4, Combined PnL: 1.01%
2025-06-05 14:18:46,131 - INFO - CE LTP: 49.55, PE LTP: 35.25, Combined PnL: 0.83%
2025-06-05 14:18:51,233 - INFO - CE LTP: 49.85, PE LTP: 35.1, Combined PnL: 1.01%
2025-06-05 14:18:56,367 - INFO - CE LTP: 49.9, PE LTP: 35.2, Combined PnL: 1.19%
2025-06-05 14:19:01,637 - INFO - CE LTP: 50, PE LTP: 34.65, Combined PnL: 0.65%
2025-06-05 14:19:06,796 - INFO - CE LTP: 50.35, PE LTP: 35, Combined PnL: 1.49%
2025-06-05 14:19:11,900 - INFO - CE LTP: 50, PE LTP: 35.05, Combined PnL: 1.13%
2025-06-05 14:19:17,023 - INFO - CE LTP: 50.3, PE LTP: 34.75, Combined PnL: 1.13%
2025-06-05 14:19:22,128 - INFO - CE LTP: 50.2, PE LTP: 34.9, Combined PnL: 1.19%
2025-06-05 14:19:27,307 - INFO - CE LTP: 50.4, PE LTP: 34.5, Combined PnL: 0.95%
2025-06-05 14:19:32,433 - INFO - CE LTP: 50.05, PE LTP: 34.8, Combined PnL: 0.89%
2025-06-05 14:19:37,543 - INFO - CE LTP: 49.6, PE LTP: 35.1, Combined PnL: 0.71%
2025-06-05 14:19:42,709 - INFO - CE LTP: 50.2, PE LTP: 34.95, Combined PnL: 1.25%
2025-06-05 14:19:47,826 - INFO - CE LTP: 49.7, PE LTP: 35.15, Combined PnL: 0.89%
2025-06-05 14:19:52,949 - INFO - CE LTP: 49.55, PE LTP: 35.45, Combined PnL: 1.07%
2025-06-05 14:19:58,078 - INFO - CE LTP: 49.75, PE LTP: 35.2, Combined PnL: 1.01%
2025-06-05 14:20:03,200 - INFO - CE LTP: 49.65, PE LTP: 35.2, Combined PnL: 0.89%
2025-06-05 14:20:08,305 - INFO - CE LTP: 49.8, PE LTP: 35.1, Combined PnL: 0.95%
2025-06-05 14:20:13,414 - INFO - CE LTP: 49.85, PE LTP: 35.2, Combined PnL: 1.13%
2025-06-05 14:20:18,518 - INFO - CE LTP: 49.7, PE LTP: 35.5, Combined PnL: 1.31%
2025-06-05 14:20:23,619 - INFO - CE LTP: 49.8, PE LTP: 35.4, Combined PnL: 1.31%
2025-06-05 14:20:28,720 - INFO - CE LTP: 49.65, PE LTP: 35.6, Combined PnL: 1.37%
2025-06-05 14:20:33,815 - INFO - CE LTP: 49.4, PE LTP: 35.6, Combined PnL: 1.07%
2025-06-05 14:20:38,982 - INFO - CE LTP: 49.05, PE LTP: 35.9, Combined PnL: 1.01%
2025-06-05 14:20:44,080 - INFO - CE LTP: 48.7, PE LTP: 36.05, Combined PnL: 0.77%
2025-06-05 14:20:49,196 - INFO - CE LTP: 49, PE LTP: 36.15, Combined PnL: 1.25%
2025-06-05 14:20:54,361 - INFO - CE LTP: 49, PE LTP: 36.05, Combined PnL: 1.13%
2025-06-05 14:20:59,468 - INFO - CE LTP: 49.4, PE LTP: 36, Combined PnL: 1.55%
2025-06-05 14:21:04,680 - INFO - CE LTP: 50, PE LTP: 35.5, Combined PnL: 1.66%
2025-06-05 14:21:09,785 - INFO - CE LTP: 49.55, PE LTP: 35.55, Combined PnL: 1.19%
2025-06-05 14:21:14,881 - INFO - CE LTP: 49.55, PE LTP: 35.9, Combined PnL: 1.61%
2025-06-05 14:21:19,985 - INFO - CE LTP: 49.55, PE LTP: 35.65, Combined PnL: 1.31%
2025-06-05 14:21:25,081 - INFO - CE LTP: 49.85, PE LTP: 35.45, Combined PnL: 1.43%
2025-06-05 14:21:30,193 - INFO - CE LTP: 49.5, PE LTP: 35.5, Combined PnL: 1.07%
2025-06-05 14:21:35,312 - INFO - CE LTP: 49.05, PE LTP: 35.9, Combined PnL: 1.01%
2025-06-05 14:21:40,421 - INFO - CE LTP: 49.05, PE LTP: 36.2, Combined PnL: 1.37%
2025-06-05 14:21:45,546 - INFO - CE LTP: 48.8, PE LTP: 36.1, Combined PnL: 0.95%
2025-06-05 14:21:50,671 - INFO - CE LTP: 49, PE LTP: 36.05, Combined PnL: 1.13%
2025-06-05 14:21:55,794 - INFO - CE LTP: 49.7, PE LTP: 36, Combined PnL: 1.90%
2025-06-05 14:22:00,949 - INFO - CE LTP: 49.5, PE LTP: 36, Combined PnL: 1.66%
2025-06-05 14:22:06,069 - INFO - CE LTP: 49.9, PE LTP: 35.7, Combined PnL: 1.78%
2025-06-05 14:22:11,622 - INFO - CE LTP: 50.45, PE LTP: 35.4, Combined PnL: 2.08%
2025-06-05 14:22:16,744 - INFO - CE LTP: 50.2, PE LTP: 35.45, Combined PnL: 1.84%
2025-06-05 14:22:21,846 - INFO - CE LTP: 50.25, PE LTP: 35.45, Combined PnL: 1.90%
2025-06-05 14:22:26,961 - INFO - CE LTP: 50.3, PE LTP: 35.55, Combined PnL: 2.08%
2025-06-05 14:22:32,068 - INFO - CE LTP: 50.2, PE LTP: 35.45, Combined PnL: 1.84%
2025-06-05 14:22:37,174 - INFO - CE LTP: 50.5, PE LTP: 35.2, Combined PnL: 1.90%
2025-06-05 14:22:42,301 - INFO - CE LTP: 50.25, PE LTP: 35.55, Combined PnL: 2.02%
2025-06-05 14:22:47,468 - INFO - CE LTP: 50.15, PE LTP: 35.7, Combined PnL: 2.08%
2025-06-05 14:22:52,573 - INFO - CE LTP: 50.25, PE LTP: 35.35, Combined PnL: 1.78%
2025-06-05 14:22:57,675 - INFO - CE LTP: 50.15, PE LTP: 35.35, Combined PnL: 1.66%
2025-06-05 14:23:02,785 - INFO - CE LTP: 50.1, PE LTP: 35.35, Combined PnL: 1.61%
2025-06-05 14:23:07,892 - INFO - CE LTP: 50.15, PE LTP: 35.65, Combined PnL: 2.02%
2025-06-05 14:23:13,006 - INFO - CE LTP: 50.05, PE LTP: 35.45, Combined PnL: 1.66%
2025-06-05 14:23:18,116 - INFO - CE LTP: 49.9, PE LTP: 35.8, Combined PnL: 1.90%
2025-06-05 14:23:23,232 - INFO - CE LTP: 49.8, PE LTP: 35.75, Combined PnL: 1.72%
2025-06-05 14:23:28,351 - INFO - CE LTP: 49.6, PE LTP: 36, Combined PnL: 1.78%
2025-06-05 14:23:33,524 - INFO - CE LTP: 50.2, PE LTP: 35.75, Combined PnL: 2.20%
2025-06-05 14:23:38,636 - INFO - CE LTP: 50.2, PE LTP: 35.8, Combined PnL: 2.26%
2025-06-05 14:23:43,865 - INFO - CE LTP: 50.35, PE LTP: 36, Combined PnL: 2.68%
2025-06-05 14:23:49,048 - INFO - CE LTP: 50, PE LTP: 36.05, Combined PnL: 2.32%
2025-06-05 14:23:54,179 - INFO - CE LTP: 50.45, PE LTP: 35.7, Combined PnL: 2.44%
2025-06-05 14:23:59,298 - INFO - CE LTP: 50.2, PE LTP: 36, Combined PnL: 2.50%
2025-06-05 14:24:04,700 - INFO - CE LTP: 50.3, PE LTP: 35.8, Combined PnL: 2.38%
2025-06-05 14:24:09,873 - INFO - CE LTP: 50.15, PE LTP: 36.05, Combined PnL: 2.50%
2025-06-05 14:24:14,983 - INFO - CE LTP: 50.65, PE LTP: 35.8, Combined PnL: 2.79%
2025-06-05 14:24:20,083 - INFO - CE LTP: 52.65, PE LTP: 34.75, Combined PnL: 3.92%
2025-06-05 14:24:25,195 - INFO - CE LTP: 52.1, PE LTP: 34.4, Combined PnL: 2.85%
2025-06-05 14:24:30,358 - INFO - CE LTP: 50.8, PE LTP: 35.4, Combined PnL: 2.50%
2025-06-05 14:24:35,479 - INFO - CE LTP: 50.6, PE LTP: 35.25, Combined PnL: 2.08%
2025-06-05 14:24:40,590 - INFO - CE LTP: 50.85, PE LTP: 35.05, Combined PnL: 2.14%
2025-06-05 14:24:45,734 - INFO - CE LTP: 51, PE LTP: 34.95, Combined PnL: 2.20%
2025-06-05 14:24:50,839 - INFO - CE LTP: 51.7, PE LTP: 34.8, Combined PnL: 2.85%
2025-06-05 14:24:55,945 - INFO - CE LTP: 50.45, PE LTP: 35.8, Combined PnL: 2.56%
2025-06-05 14:25:01,060 - INFO - CE LTP: 50, PE LTP: 35.8, Combined PnL: 2.02%
2025-06-05 14:25:06,178 - INFO - CE LTP: 50.25, PE LTP: 35.8, Combined PnL: 2.32%
2025-06-05 14:25:11,293 - INFO - CE LTP: 50.35, PE LTP: 35.85, Combined PnL: 2.50%
2025-06-05 14:25:16,394 - INFO - CE LTP: 50.3, PE LTP: 35.55, Combined PnL: 2.08%
2025-06-05 14:25:21,495 - INFO - CE LTP: 50.15, PE LTP: 35.55, Combined PnL: 1.90%
2025-06-05 14:25:26,602 - INFO - CE LTP: 50.5, PE LTP: 35.8, Combined PnL: 2.62%
2025-06-05 14:25:31,716 - INFO - CE LTP: 50.8, PE LTP: 35.5, Combined PnL: 2.62%
2025-06-05 14:25:36,842 - INFO - CE LTP: 51.15, PE LTP: 35.15, Combined PnL: 2.62%
2025-06-05 14:25:42,003 - INFO - CE LTP: 51.1, PE LTP: 34.7, Combined PnL: 2.02%
2025-06-05 14:25:47,118 - INFO - CE LTP: 50.65, PE LTP: 35.15, Combined PnL: 2.02%
2025-06-05 14:25:52,234 - INFO - CE LTP: 50.9, PE LTP: 35, Combined PnL: 2.14%
2025-06-05 14:25:57,367 - INFO - CE LTP: 50.9, PE LTP: 35, Combined PnL: 2.14%
2025-06-05 14:26:02,474 - INFO - CE LTP: 50.65, PE LTP: 35, Combined PnL: 1.84%
2025-06-05 14:26:07,596 - INFO - CE LTP: 50.4, PE LTP: 35.3, Combined PnL: 1.90%
2025-06-05 14:26:12,705 - INFO - CE LTP: 50.7, PE LTP: 35.15, Combined PnL: 2.08%
2025-06-05 14:26:17,824 - INFO - CE LTP: 50.6, PE LTP: 35.3, Combined PnL: 2.14%
2025-06-05 14:26:22,948 - INFO - CE LTP: 50.75, PE LTP: 34.9, Combined PnL: 1.84%
2025-06-05 14:26:28,056 - INFO - CE LTP: 51.3, PE LTP: 34.7, Combined PnL: 2.26%
2025-06-05 14:26:33,160 - INFO - CE LTP: 52.45, PE LTP: 33.6, Combined PnL: 2.32%
2025-06-05 14:26:38,277 - INFO - CE LTP: 52.7, PE LTP: 33.8, Combined PnL: 2.85%
2025-06-05 14:26:43,375 - INFO - CE LTP: 53.65, PE LTP: 33.05, Combined PnL: 3.09%
2025-06-05 14:26:48,476 - INFO - CE LTP: 52.8, PE LTP: 33.1, Combined PnL: 2.14%
2025-06-05 14:26:53,595 - INFO - CE LTP: 52.75, PE LTP: 33.55, Combined PnL: 2.62%
2025-06-05 14:26:58,722 - INFO - CE LTP: 53.05, PE LTP: 33.8, Combined PnL: 3.27%
2025-06-05 14:27:03,842 - INFO - CE LTP: 53.35, PE LTP: 34.1, Combined PnL: 3.98%
2025-06-05 14:27:08,956 - INFO - CE LTP: 53.15, PE LTP: 33.9, Combined PnL: 3.51%
2025-06-05 14:27:14,065 - INFO - CE LTP: 53, PE LTP: 33.65, Combined PnL: 3.03%
2025-06-05 14:27:19,182 - INFO - CE LTP: 53, PE LTP: 33.7, Combined PnL: 3.09%
2025-06-05 14:27:24,291 - INFO - CE LTP: 53.45, PE LTP: 33.5, Combined PnL: 3.39%
2025-06-05 14:27:29,391 - INFO - CE LTP: 53.15, PE LTP: 33.55, Combined PnL: 3.09%
2025-06-05 14:27:34,491 - INFO - CE LTP: 52.7, PE LTP: 33.75, Combined PnL: 2.79%
2025-06-05 14:27:39,590 - INFO - CE LTP: 52.65, PE LTP: 34, Combined PnL: 3.03%
2025-06-05 14:27:44,696 - INFO - CE LTP: 53.6, PE LTP: 33.65, Combined PnL: 3.75%
2025-06-05 14:27:49,816 - INFO - CE LTP: 53.45, PE LTP: 33.9, Combined PnL: 3.86%
2025-06-05 14:27:55,003 - INFO - CE LTP: 53.4, PE LTP: 33.55, Combined PnL: 3.39%
2025-06-05 14:28:00,121 - INFO - CE LTP: 55.1, PE LTP: 32.05, Combined PnL: 3.63%
2025-06-05 14:28:05,234 - INFO - CE LTP: 54.2, PE LTP: 32.6, Combined PnL: 3.21%
2025-06-05 14:28:10,342 - INFO - CE LTP: 54.4, PE LTP: 33, Combined PnL: 3.92%
2025-06-05 14:28:15,449 - INFO - CE LTP: 54.55, PE LTP: 33.15, Combined PnL: 4.28%
2025-06-05 14:28:20,566 - INFO - CE LTP: 54.5, PE LTP: 32.9, Combined PnL: 3.92%
2025-06-05 14:28:25,685 - INFO - CE LTP: 54.05, PE LTP: 33, Combined PnL: 3.51%
2025-06-05 14:28:30,791 - INFO - CE LTP: 52.9, PE LTP: 33.3, Combined PnL: 2.50%
2025-06-05 14:28:36,240 - INFO - CE LTP: 53.4, PE LTP: 33.35, Combined PnL: 3.15%
2025-06-05 14:28:41,353 - INFO - CE LTP: 53.2, PE LTP: 33.7, Combined PnL: 3.33%
2025-06-05 14:28:46,459 - INFO - CE LTP: 53.65, PE LTP: 33.4, Combined PnL: 3.51%
2025-06-05 14:28:51,560 - INFO - CE LTP: 53.75, PE LTP: 33.35, Combined PnL: 3.57%
2025-06-05 14:28:56,684 - INFO - CE LTP: 54, PE LTP: 33.2, Combined PnL: 3.69%
2025-06-05 14:29:01,800 - INFO - CE LTP: 54.25, PE LTP: 32.85, Combined PnL: 3.57%
2025-06-05 14:29:06,909 - INFO - CE LTP: 53.5, PE LTP: 32.9, Combined PnL: 2.73%
2025-06-05 14:29:12,016 - INFO - CE LTP: 52.95, PE LTP: 33.45, Combined PnL: 2.73%
2025-06-05 14:29:17,115 - INFO - CE LTP: 53.15, PE LTP: 33.35, Combined PnL: 2.85%
2025-06-05 14:29:22,225 - INFO - CE LTP: 53.7, PE LTP: 33.15, Combined PnL: 3.27%
2025-06-05 14:29:27,328 - INFO - CE LTP: 54.2, PE LTP: 32.5, Combined PnL: 3.09%
2025-06-05 14:29:32,488 - INFO - CE LTP: 54.3, PE LTP: 32.4, Combined PnL: 3.09%
2025-06-05 14:29:37,601 - INFO - CE LTP: 53.9, PE LTP: 32.7, Combined PnL: 2.97%
2025-06-05 14:29:42,708 - INFO - CE LTP: 53.6, PE LTP: 33.05, Combined PnL: 3.03%
2025-06-05 14:29:47,810 - INFO - CE LTP: 52.8, PE LTP: 33.2, Combined PnL: 2.26%
2025-06-05 14:29:52,921 - INFO - CE LTP: 52.75, PE LTP: 33.15, Combined PnL: 2.14%
2025-06-05 14:29:58,031 - INFO - CE LTP: 52.5, PE LTP: 33.6, Combined PnL: 2.38%
2025-06-05 14:30:03,147 - INFO - CE LTP: 52.65, PE LTP: 33.55, Combined PnL: 2.50%
2025-06-05 14:30:08,249 - INFO - CE LTP: 52.7, PE LTP: 33.4, Combined PnL: 2.38%
2025-06-05 14:30:13,425 - INFO - CE LTP: 53.3, PE LTP: 33.2, Combined PnL: 2.85%
2025-06-05 14:30:18,555 - INFO - CE LTP: 52.4, PE LTP: 33.7, Combined PnL: 2.38%
2025-06-05 14:30:23,665 - INFO - CE LTP: 52.25, PE LTP: 33.45, Combined PnL: 1.90%
2025-06-05 14:30:28,833 - INFO - CE LTP: 52.15, PE LTP: 33.6, Combined PnL: 1.96%
2025-06-05 14:30:33,955 - INFO - CE LTP: 51.75, PE LTP: 33.8, Combined PnL: 1.72%
2025-06-05 14:30:39,121 - INFO - CE LTP: 52.2, PE LTP: 33.5, Combined PnL: 1.90%
2025-06-05 14:30:44,221 - INFO - CE LTP: 51.4, PE LTP: 34, Combined PnL: 1.55%
2025-06-05 14:30:49,336 - INFO - CE LTP: 51.45, PE LTP: 33.95, Combined PnL: 1.55%
2025-06-05 14:30:54,444 - INFO - CE LTP: 50.45, PE LTP: 34.6, Combined PnL: 1.13%
2025-06-05 14:30:59,538 - INFO - CE LTP: 50.55, PE LTP: 34.65, Combined PnL: 1.31%
2025-06-05 14:31:04,640 - INFO - CE LTP: 50.55, PE LTP: 34.65, Combined PnL: 1.31%
2025-06-05 14:31:09,744 - INFO - CE LTP: 50.1, PE LTP: 34.9, Combined PnL: 1.07%
2025-06-05 14:31:14,857 - INFO - CE LTP: 50.45, PE LTP: 34.9, Combined PnL: 1.49%
2025-06-05 14:31:19,967 - INFO - CE LTP: 50.4, PE LTP: 35.05, Combined PnL: 1.61%
2025-06-05 14:31:25,068 - INFO - CE LTP: 50.9, PE LTP: 35.05, Combined PnL: 2.20%
2025-06-05 14:31:30,180 - INFO - CE LTP: 50.95, PE LTP: 34.75, Combined PnL: 1.90%
2025-06-05 14:31:35,384 - INFO - CE LTP: 50.75, PE LTP: 34.75, Combined PnL: 1.66%
2025-06-05 14:31:40,494 - INFO - CE LTP: 50.4, PE LTP: 34.55, Combined PnL: 1.01%
2025-06-05 14:31:45,661 - INFO - CE LTP: 50.55, PE LTP: 34.8, Combined PnL: 1.49%
2025-06-05 14:31:50,773 - INFO - CE LTP: 51, PE LTP: 34.55, Combined PnL: 1.72%
2025-06-05 14:31:55,884 - INFO - CE LTP: 50.9, PE LTP: 34.35, Combined PnL: 1.37%
2025-06-05 14:32:00,997 - INFO - CE LTP: 50.4, PE LTP: 34.5, Combined PnL: 0.95%
2025-06-05 14:32:06,103 - INFO - CE LTP: 50.4, PE LTP: 34.5, Combined PnL: 0.95%
2025-06-05 14:32:11,205 - INFO - CE LTP: 50.5, PE LTP: 34.4, Combined PnL: 0.95%
2025-06-05 14:32:16,311 - INFO - CE LTP: 50.6, PE LTP: 34.3, Combined PnL: 0.95%
2025-06-05 14:32:21,425 - INFO - CE LTP: 50.65, PE LTP: 34.3, Combined PnL: 1.01%
2025-06-05 14:32:26,542 - INFO - CE LTP: 51, PE LTP: 34.1, Combined PnL: 1.19%
2025-06-05 14:32:31,699 - INFO - CE LTP: 50, PE LTP: 34.55, Combined PnL: 0.54%
2025-06-05 14:32:36,805 - INFO - CE LTP: 49.8, PE LTP: 34.6, Combined PnL: 0.36%
2025-06-05 14:32:41,975 - INFO - CE LTP: 49.95, PE LTP: 34.35, Combined PnL: 0.24%
2025-06-05 14:32:47,088 - INFO - CE LTP: 50.55, PE LTP: 34.4, Combined PnL: 1.01%
2025-06-05 14:32:52,189 - INFO - CE LTP: 51.3, PE LTP: 33.7, Combined PnL: 1.07%
2025-06-05 14:32:57,309 - INFO - CE LTP: 50.75, PE LTP: 34.2, Combined PnL: 1.01%
2025-06-05 14:33:02,404 - INFO - CE LTP: 50.7, PE LTP: 34.2, Combined PnL: 0.95%
2025-06-05 14:33:07,533 - INFO - CE LTP: 50.5, PE LTP: 34.05, Combined PnL: 0.54%
2025-06-05 14:33:12,646 - INFO - CE LTP: 51.55, PE LTP: 33.75, Combined PnL: 1.43%
2025-06-05 14:33:17,756 - INFO - CE LTP: 51.55, PE LTP: 33.9, Combined PnL: 1.61%
2025-06-05 14:33:22,869 - INFO - CE LTP: 52.05, PE LTP: 33.25, Combined PnL: 1.43%
2025-06-05 14:33:27,978 - INFO - CE LTP: 52.05, PE LTP: 33.3, Combined PnL: 1.49%
2025-06-05 14:33:33,083 - INFO - CE LTP: 52.3, PE LTP: 33.1, Combined PnL: 1.55%
2025-06-05 14:33:38,255 - INFO - CE LTP: 52.55, PE LTP: 33, Combined PnL: 1.72%
2025-06-05 14:33:43,366 - INFO - CE LTP: 52.75, PE LTP: 32.6, Combined PnL: 1.49%
2025-06-05 14:33:48,465 - INFO - CE LTP: 53, PE LTP: 32.35, Combined PnL: 1.49%
2025-06-05 14:33:53,567 - INFO - CE LTP: 53.5, PE LTP: 32.35, Combined PnL: 2.08%
2025-06-05 14:33:58,688 - INFO - CE LTP: 53.15, PE LTP: 32.55, Combined PnL: 1.90%
2025-06-05 14:34:03,878 - INFO - CE LTP: 54.8, PE LTP: 32, Combined PnL: 3.21%
2025-06-05 14:34:08,981 - INFO - CE LTP: 53.45, PE LTP: 32.25, Combined PnL: 1.90%
2025-06-05 14:34:14,089 - INFO - CE LTP: 53.4, PE LTP: 32.4, Combined PnL: 2.02%
2025-06-05 14:34:19,240 - INFO - CE LTP: 53.65, PE LTP: 32.25, Combined PnL: 2.14%
2025-06-05 14:34:24,348 - INFO - CE LTP: 53.5, PE LTP: 32.4, Combined PnL: 2.14%
2025-06-05 14:34:29,518 - INFO - CE LTP: 53.9, PE LTP: 31.75, Combined PnL: 1.84%
2025-06-05 14:34:34,617 - INFO - CE LTP: 54.4, PE LTP: 31.7, Combined PnL: 2.38%
2025-06-05 14:34:39,728 - INFO - CE LTP: 54.1, PE LTP: 31.75, Combined PnL: 2.08%
2025-06-05 14:34:44,856 - INFO - CE LTP: 54, PE LTP: 31.5, Combined PnL: 1.66%
2025-06-05 14:34:50,030 - INFO - CE LTP: 53.8, PE LTP: 31.7, Combined PnL: 1.66%
2025-06-05 14:34:55,141 - INFO - CE LTP: 52.7, PE LTP: 32.15, Combined PnL: 0.89%
2025-06-05 14:35:00,245 - INFO - CE LTP: 53.75, PE LTP: 32.05, Combined PnL: 2.02%
2025-06-05 14:35:05,357 - INFO - CE LTP: 53.35, PE LTP: 32.1, Combined PnL: 1.61%
2025-06-05 14:35:10,478 - INFO - CE LTP: 53.6, PE LTP: 32.25, Combined PnL: 2.08%
2025-06-05 14:35:15,585 - INFO - CE LTP: 53.2, PE LTP: 32.2, Combined PnL: 1.55%
2025-06-05 14:35:20,697 - INFO - CE LTP: 52.9, PE LTP: 32.35, Combined PnL: 1.37%
2025-06-05 14:35:25,795 - INFO - CE LTP: 53.2, PE LTP: 32.4, Combined PnL: 1.78%
2025-06-05 14:35:30,906 - INFO - CE LTP: 52.15, PE LTP: 32.65, Combined PnL: 0.83%
2025-06-05 14:35:36,005 - INFO - CE LTP: 52.2, PE LTP: 32.6, Combined PnL: 0.83%
2025-06-05 14:35:41,110 - INFO - CE LTP: 52.5, PE LTP: 32, Combined PnL: 0.48%
2025-06-05 14:35:46,216 - INFO - CE LTP: 52.7, PE LTP: 31.95, Combined PnL: 0.65%
2025-06-05 14:35:51,331 - INFO - CE LTP: 51.45, PE LTP: 32.25, Combined PnL: -0.48%
2025-06-05 14:35:56,434 - INFO - CE LTP: 51.8, PE LTP: 32.15, Combined PnL: -0.18%
2025-06-05 14:36:01,547 - INFO - CE LTP: 50.9, PE LTP: 32.9, Combined PnL: -0.36%
2025-06-05 14:36:06,717 - INFO - CE LTP: 50.75, PE LTP: 32.75, Combined PnL: -0.71%
2025-06-05 14:36:11,822 - INFO - CE LTP: 51.2, PE LTP: 33.05, Combined PnL: 0.18%
2025-06-05 14:36:16,935 - INFO - CE LTP: 50.85, PE LTP: 32.95, Combined PnL: -0.36%
2025-06-05 14:36:22,051 - INFO - CE LTP: 50.2, PE LTP: 33.25, Combined PnL: -0.77%
2025-06-05 14:36:27,162 - INFO - CE LTP: 51, PE LTP: 33.05, Combined PnL: -0.06%
2025-06-05 14:36:32,272 - INFO - CE LTP: 51.45, PE LTP: 32.9, Combined PnL: 0.30%
2025-06-05 14:36:37,422 - INFO - CE LTP: 51.6, PE LTP: 32.75, Combined PnL: 0.30%
2025-06-05 14:36:42,582 - INFO - CE LTP: 51.5, PE LTP: 32.7, Combined PnL: 0.12%
2025-06-05 14:36:47,697 - INFO - CE LTP: 51.7, PE LTP: 32.65, Combined PnL: 0.30%
2025-06-05 14:36:52,809 - INFO - CE LTP: 52.45, PE LTP: 32.5, Combined PnL: 1.01%
2025-06-05 14:36:57,966 - INFO - CE LTP: 51.9, PE LTP: 32.7, Combined PnL: 0.59%
2025-06-05 14:37:03,130 - INFO - CE LTP: 51.1, PE LTP: 32.9, Combined PnL: -0.12%
2025-06-05 14:37:08,232 - INFO - CE LTP: 51.35, PE LTP: 33, Combined PnL: 0.30%
2025-06-05 14:37:13,345 - INFO - CE LTP: 50.75, PE LTP: 33.4, Combined PnL: 0.06%
2025-06-05 14:37:18,457 - INFO - CE LTP: 50.5, PE LTP: 33.25, Combined PnL: -0.42%
2025-06-05 14:37:23,563 - INFO - CE LTP: 50.75, PE LTP: 33.2, Combined PnL: -0.18%
2025-06-05 14:37:28,663 - INFO - CE LTP: 50.75, PE LTP: 32.9, Combined PnL: -0.54%
2025-06-05 14:37:33,761 - INFO - CE LTP: 50.9, PE LTP: 33.2, Combined PnL: 0.00%
2025-06-05 14:37:38,869 - INFO - CE LTP: 50.95, PE LTP: 33.05, Combined PnL: -0.12%
2025-06-05 14:37:43,983 - INFO - CE LTP: 51.4, PE LTP: 32.55, Combined PnL: -0.18%
2025-06-05 14:37:49,083 - INFO - CE LTP: 52.2, PE LTP: 32.6, Combined PnL: 0.83%
2025-06-05 14:37:54,251 - INFO - CE LTP: 52.3, PE LTP: 32.25, Combined PnL: 0.54%
2025-06-05 14:37:59,435 - INFO - CE LTP: 52.55, PE LTP: 32.25, Combined PnL: 0.83%
2025-06-05 14:38:04,539 - INFO - CE LTP: 52.15, PE LTP: 32.25, Combined PnL: 0.36%
2025-06-05 14:38:09,653 - INFO - CE LTP: 52.1, PE LTP: 32.6, Combined PnL: 0.71%
2025-06-05 14:38:14,778 - INFO - CE LTP: 52.9, PE LTP: 32, Combined PnL: 0.95%
2025-06-05 14:38:19,891 - INFO - CE LTP: 52.95, PE LTP: 31.95, Combined PnL: 0.95%
2025-06-05 14:38:24,995 - INFO - CE LTP: 53.45, PE LTP: 31.75, Combined PnL: 1.31%
2025-06-05 14:38:30,110 - INFO - CE LTP: 53.25, PE LTP: 31.85, Combined PnL: 1.19%
2025-06-05 14:38:35,271 - INFO - CE LTP: 53.75, PE LTP: 31.75, Combined PnL: 1.66%
2025-06-05 14:38:40,386 - INFO - CE LTP: 52.95, PE LTP: 32, Combined PnL: 1.01%
2025-06-05 14:38:45,496 - INFO - CE LTP: 53.45, PE LTP: 32, Combined PnL: 1.61%
2025-06-05 14:38:50,609 - INFO - CE LTP: 53.25, PE LTP: 31.8, Combined PnL: 1.13%
2025-06-05 14:38:55,716 - INFO - CE LTP: 53.05, PE LTP: 32.05, Combined PnL: 1.19%
2025-06-05 14:39:00,832 - INFO - CE LTP: 53.05, PE LTP: 32.25, Combined PnL: 1.43%
2025-06-05 14:39:06,014 - INFO - CE LTP: 53.05, PE LTP: 32.25, Combined PnL: 1.43%
2025-06-05 14:39:11,117 - INFO - CE LTP: 52.75, PE LTP: 32.85, Combined PnL: 1.78%
2025-06-05 14:39:16,257 - INFO - CE LTP: 52.8, PE LTP: 32.15, Combined PnL: 1.01%
2025-06-05 14:39:21,362 - INFO - CE LTP: 52.65, PE LTP: 32.3, Combined PnL: 1.01%
2025-06-05 14:39:26,460 - INFO - CE LTP: 51.65, PE LTP: 32.3, Combined PnL: -0.18%
2025-06-05 14:39:31,560 - INFO - CE LTP: 52.25, PE LTP: 32.45, Combined PnL: 0.71%
2025-06-05 14:39:36,683 - INFO - CE LTP: 52.25, PE LTP: 32.3, Combined PnL: 0.54%
2025-06-05 14:39:41,811 - INFO - CE LTP: 52.6, PE LTP: 32.25, Combined PnL: 0.89%
2025-06-05 14:39:46,925 - INFO - CE LTP: 53.05, PE LTP: 32.15, Combined PnL: 1.31%
2025-06-05 14:39:52,037 - INFO - CE LTP: 52.85, PE LTP: 32.05, Combined PnL: 0.95%
2025-06-05 14:39:57,199 - INFO - CE LTP: 53.05, PE LTP: 31.95, Combined PnL: 1.07%
2025-06-05 14:40:02,308 - INFO - CE LTP: 53.2, PE LTP: 31.6, Combined PnL: 0.83%
2025-06-05 14:40:07,416 - INFO - CE LTP: 52.75, PE LTP: 32.2, Combined PnL: 1.01%
2025-06-05 14:40:12,514 - INFO - CE LTP: 52.3, PE LTP: 32.2, Combined PnL: 0.48%
2025-06-05 14:40:17,683 - INFO - CE LTP: 51.9, PE LTP: 32.45, Combined PnL: 0.30%
2025-06-05 14:40:22,792 - INFO - CE LTP: 51.55, PE LTP: 32.75, Combined PnL: 0.24%
2025-06-05 14:40:27,905 - INFO - CE LTP: 51.85, PE LTP: 32.85, Combined PnL: 0.71%
2025-06-05 14:40:33,018 - INFO - CE LTP: 52.6, PE LTP: 32.45, Combined PnL: 1.13%
2025-06-05 14:40:38,121 - INFO - CE LTP: 52.8, PE LTP: 32.05, Combined PnL: 0.89%
2025-06-05 14:40:43,248 - INFO - CE LTP: 53.2, PE LTP: 31.8, Combined PnL: 1.07%
2025-06-05 14:40:48,356 - INFO - CE LTP: 52.7, PE LTP: 31.95, Combined PnL: 0.65%
2025-06-05 14:40:53,452 - INFO - CE LTP: 53.3, PE LTP: 32, Combined PnL: 1.43%
2025-06-05 14:40:58,555 - INFO - CE LTP: 53.4, PE LTP: 31.55, Combined PnL: 1.01%
2025-06-05 14:41:03,652 - INFO - CE LTP: 53.55, PE LTP: 31.95, Combined PnL: 1.66%
2025-06-05 14:41:08,756 - INFO - CE LTP: 53.5, PE LTP: 31.95, Combined PnL: 1.61%
2025-06-05 14:41:13,875 - INFO - CE LTP: 53.5, PE LTP: 31.4, Combined PnL: 0.95%
2025-06-05 14:41:18,983 - INFO - CE LTP: 53.5, PE LTP: 31.4, Combined PnL: 0.95%
2025-06-05 14:41:24,096 - INFO - CE LTP: 53.6, PE LTP: 31.25, Combined PnL: 0.89%
2025-06-05 14:41:29,206 - INFO - CE LTP: 53.6, PE LTP: 31.45, Combined PnL: 1.13%
2025-06-05 14:41:34,323 - INFO - CE LTP: 53.15, PE LTP: 31, Combined PnL: 0.06%
2025-06-05 14:41:39,473 - INFO - CE LTP: 53.85, PE LTP: 31, Combined PnL: 0.89%
2025-06-05 14:41:44,653 - INFO - CE LTP: 54.1, PE LTP: 30.65, Combined PnL: 0.77%
2025-06-05 14:41:49,764 - INFO - CE LTP: 53.7, PE LTP: 30.8, Combined PnL: 0.48%
2025-06-05 14:41:54,875 - INFO - CE LTP: 53.1, PE LTP: 31.1, Combined PnL: 0.12%
2025-06-05 14:41:59,982 - INFO - CE LTP: 53.85, PE LTP: 30.95, Combined PnL: 0.83%
2025-06-05 14:42:05,098 - INFO - CE LTP: 54, PE LTP: 30.9, Combined PnL: 0.95%
2025-06-05 14:42:10,206 - INFO - CE LTP: 53.5, PE LTP: 31, Combined PnL: 0.48%
2025-06-05 14:42:15,322 - INFO - CE LTP: 54.8, PE LTP: 30.8, Combined PnL: 1.78%
2025-06-05 14:42:20,420 - INFO - CE LTP: 54.75, PE LTP: 30.15, Combined PnL: 0.95%
2025-06-05 14:42:25,530 - INFO - CE LTP: 54.8, PE LTP: 29.85, Combined PnL: 0.65%
2025-06-05 14:42:30,628 - INFO - CE LTP: 55.5, PE LTP: 29.85, Combined PnL: 1.49%
2025-06-05 14:42:35,731 - INFO - CE LTP: 55, PE LTP: 30.15, Combined PnL: 1.25%
2025-06-05 14:42:40,838 - INFO - CE LTP: 55.35, PE LTP: 29.85, Combined PnL: 1.31%
2025-06-05 14:42:45,999 - INFO - CE LTP: 55.25, PE LTP: 29.75, Combined PnL: 1.07%
2025-06-05 14:42:51,106 - INFO - CE LTP: 54.6, PE LTP: 29.85, Combined PnL: 0.42%
2025-06-05 14:42:56,214 - INFO - CE LTP: 54.9, PE LTP: 30, Combined PnL: 0.95%
2025-06-05 14:43:01,319 - INFO - CE LTP: 53.65, PE LTP: 30.6, Combined PnL: 0.18%
2025-06-05 14:43:06,434 - INFO - CE LTP: 53.2, PE LTP: 30.75, Combined PnL: -0.18%
2025-06-05 14:43:11,594 - INFO - CE LTP: 53.8, PE LTP: 30.75, Combined PnL: 0.54%
2025-06-05 14:43:16,709 - INFO - CE LTP: 53.95, PE LTP: 30.75, Combined PnL: 0.71%
2025-06-05 14:43:21,848 - INFO - CE LTP: 53.7, PE LTP: 30.65, Combined PnL: 0.30%
2025-06-05 14:43:26,958 - INFO - CE LTP: 53.3, PE LTP: 30.7, Combined PnL: -0.12%
2025-06-05 14:43:32,068 - INFO - CE LTP: 53.55, PE LTP: 30.85, Combined PnL: 0.36%
2025-06-05 14:43:37,184 - INFO - CE LTP: 52.85, PE LTP: 31.15, Combined PnL: -0.12%
2025-06-05 14:43:42,304 - INFO - CE LTP: 52.65, PE LTP: 30.95, Combined PnL: -0.59%
2025-06-05 14:43:47,417 - INFO - CE LTP: 52.85, PE LTP: 30.7, Combined PnL: -0.65%
2025-06-05 14:43:52,518 - INFO - CE LTP: 52.8, PE LTP: 30.85, Combined PnL: -0.54%
2025-06-05 14:43:57,619 - INFO - CE LTP: 52.6, PE LTP: 30.8, Combined PnL: -0.83%
2025-06-05 14:44:02,789 - INFO - CE LTP: 53.05, PE LTP: 30.65, Combined PnL: -0.48%
2025-06-05 14:44:07,888 - INFO - CE LTP: 52.5, PE LTP: 30.9, Combined PnL: -0.83%
2025-06-05 14:44:13,060 - INFO - CE LTP: 52.6, PE LTP: 30.9, Combined PnL: -0.71%
2025-06-05 14:44:18,224 - INFO - CE LTP: 52.7, PE LTP: 30.8, Combined PnL: -0.71%
2025-06-05 14:44:23,387 - INFO - CE LTP: 52.8, PE LTP: 30.8, Combined PnL: -0.59%
2025-06-05 14:44:28,489 - INFO - CE LTP: 52.25, PE LTP: 31, Combined PnL: -1.01%
2025-06-05 14:44:33,650 - INFO - CE LTP: 52.4, PE LTP: 31, Combined PnL: -0.83%
2025-06-05 14:44:38,757 - INFO - CE LTP: 52.9, PE LTP: 30.7, Combined PnL: -0.59%
2025-06-05 14:44:43,894 - INFO - CE LTP: 53.15, PE LTP: 30.65, Combined PnL: -0.36%
2025-06-05 14:44:48,995 - INFO - CE LTP: 53.5, PE LTP: 30.1, Combined PnL: -0.59%
2025-06-05 14:44:54,119 - INFO - CE LTP: 53.35, PE LTP: 30.45, Combined PnL: -0.36%
2025-06-05 14:44:59,222 - INFO - CE LTP: 53.4, PE LTP: 30.45, Combined PnL: -0.30%
2025-06-05 14:45:04,356 - INFO - CE LTP: 54.05, PE LTP: 30.1, Combined PnL: 0.06%
2025-06-05 14:45:09,453 - INFO - CE LTP: 54, PE LTP: 30, Combined PnL: -0.12%
2025-06-05 14:45:14,580 - INFO - CE LTP: 54.55, PE LTP: 30, Combined PnL: 0.54%
2025-06-05 14:45:19,707 - INFO - CE LTP: 54.55, PE LTP: 29.85, Combined PnL: 0.36%
2025-06-05 14:45:24,862 - INFO - CE LTP: 54.65, PE LTP: 29.7, Combined PnL: 0.30%
2025-06-05 14:45:29,970 - INFO - CE LTP: 54.6, PE LTP: 29.8, Combined PnL: 0.36%
2025-06-05 14:45:35,079 - INFO - CE LTP: 54.65, PE LTP: 29.75, Combined PnL: 0.36%
2025-06-05 14:45:40,190 - INFO - CE LTP: 54.25, PE LTP: 30, Combined PnL: 0.18%
2025-06-05 14:45:45,296 - INFO - CE LTP: 54.2, PE LTP: 30, Combined PnL: 0.12%
2025-06-05 14:45:50,404 - INFO - CE LTP: 54.1, PE LTP: 30, Combined PnL: 0.00%
2025-06-05 14:45:55,506 - INFO - CE LTP: 54.3, PE LTP: 30, Combined PnL: 0.24%
2025-06-05 14:46:00,610 - INFO - CE LTP: 54.85, PE LTP: 29.55, Combined PnL: 0.36%
2025-06-05 14:46:05,713 - INFO - CE LTP: 55.05, PE LTP: 29.7, Combined PnL: 0.77%
2025-06-05 14:46:10,818 - INFO - CE LTP: 54.85, PE LTP: 29.9, Combined PnL: 0.77%
2025-06-05 14:46:15,929 - INFO - CE LTP: 54.6, PE LTP: 29.65, Combined PnL: 0.18%
2025-06-05 14:46:21,044 - INFO - CE LTP: 54.8, PE LTP: 29.9, Combined PnL: 0.71%
2025-06-05 14:46:26,157 - INFO - CE LTP: 54.6, PE LTP: 29.95, Combined PnL: 0.54%
2025-06-05 14:46:31,271 - INFO - CE LTP: 54.6, PE LTP: 29.85, Combined PnL: 0.42%
2025-06-05 14:46:36,434 - INFO - CE LTP: 54.2, PE LTP: 30, Combined PnL: 0.12%
2025-06-05 14:46:41,536 - INFO - CE LTP: 54.5, PE LTP: 29.8, Combined PnL: 0.24%
2025-06-05 14:46:46,643 - INFO - CE LTP: 54.4, PE LTP: 29.9, Combined PnL: 0.24%
2025-06-05 14:46:51,811 - INFO - CE LTP: 53.1, PE LTP: 30, Combined PnL: -1.19%
2025-06-05 14:46:56,934 - INFO - CE LTP: 53.8, PE LTP: 29.85, Combined PnL: -0.54%
2025-06-05 14:47:02,066 - INFO - CE LTP: 53.65, PE LTP: 30, Combined PnL: -0.54%
2025-06-05 14:47:07,171 - INFO - CE LTP: 53.2, PE LTP: 30.05, Combined PnL: -1.01%
2025-06-05 14:47:12,272 - INFO - CE LTP: 52.85, PE LTP: 30.15, Combined PnL: -1.31%
2025-06-05 14:47:17,382 - INFO - CE LTP: 52.55, PE LTP: 30.35, Combined PnL: -1.43%
2025-06-05 14:47:22,484 - INFO - CE LTP: 52.8, PE LTP: 30.3, Combined PnL: -1.19%
2025-06-05 14:47:27,583 - INFO - CE LTP: 53.35, PE LTP: 30.05, Combined PnL: -0.83%
2025-06-05 14:47:32,698 - INFO - CE LTP: 53.1, PE LTP: 30.15, Combined PnL: -1.01%
2025-06-05 14:47:37,792 - INFO - CE LTP: 52.6, PE LTP: 30.4, Combined PnL: -1.31%
2025-06-05 14:47:42,895 - INFO - CE LTP: 52.85, PE LTP: 30.45, Combined PnL: -0.95%
2025-06-05 14:47:48,010 - INFO - CE LTP: 52.6, PE LTP: 30.45, Combined PnL: -1.25%
2025-06-05 14:47:53,113 - INFO - CE LTP: 53.55, PE LTP: 29.95, Combined PnL: -0.71%
2025-06-05 14:47:58,270 - INFO - CE LTP: 54.1, PE LTP: 30.1, Combined PnL: 0.12%
2025-06-05 14:48:03,387 - INFO - CE LTP: 54.5, PE LTP: 29.7, Combined PnL: 0.12%
2025-06-05 14:48:08,493 - INFO - CE LTP: 54.95, PE LTP: 29.5, Combined PnL: 0.42%
2025-06-05 14:48:13,601 - INFO - CE LTP: 54.4, PE LTP: 29.4, Combined PnL: -0.36%
2025-06-05 14:48:18,710 - INFO - CE LTP: 54.55, PE LTP: 29.4, Combined PnL: -0.18%
2025-06-05 14:48:23,827 - INFO - CE LTP: 54.6, PE LTP: 29.3, Combined PnL: -0.24%
2025-06-05 14:48:28,924 - INFO - CE LTP: 54.3, PE LTP: 29.2, Combined PnL: -0.71%
2025-06-05 14:48:34,028 - INFO - CE LTP: 54.45, PE LTP: 29.05, Combined PnL: -0.71%
2025-06-05 14:48:39,123 - INFO - CE LTP: 54.05, PE LTP: 29.4, Combined PnL: -0.77%
2025-06-05 14:48:44,279 - INFO - CE LTP: 53.55, PE LTP: 29.5, Combined PnL: -1.25%
2025-06-05 14:48:49,409 - INFO - CE LTP: 54.25, PE LTP: 29.45, Combined PnL: -0.48%
2025-06-05 14:48:54,507 - INFO - CE LTP: 54.2, PE LTP: 29.3, Combined PnL: -0.71%
2025-06-05 14:48:59,624 - INFO - CE LTP: 54.15, PE LTP: 29.3, Combined PnL: -0.77%
2025-06-05 14:49:04,950 - INFO - CE LTP: 54.2, PE LTP: 29.15, Combined PnL: -0.89%
2025-06-05 14:49:10,064 - INFO - CE LTP: 53.7, PE LTP: 29.6, Combined PnL: -0.95%
2025-06-05 14:49:15,195 - INFO - CE LTP: 53.1, PE LTP: 29.85, Combined PnL: -1.37%
2025-06-05 14:49:20,300 - INFO - CE LTP: 52.55, PE LTP: 29.95, Combined PnL: -1.90%
2025-06-05 14:49:25,411 - INFO - CE LTP: 53.2, PE LTP: 29.95, Combined PnL: -1.13%
2025-06-05 14:49:30,548 - INFO - CE LTP: 53.25, PE LTP: 29.6, Combined PnL: -1.49%
2025-06-05 14:49:35,665 - INFO - CE LTP: 53, PE LTP: 29.8, Combined PnL: -1.55%
2025-06-05 14:49:40,826 - INFO - CE LTP: 53.75, PE LTP: 29.6, Combined PnL: -0.89%
2025-06-05 14:49:45,937 - INFO - CE LTP: 53.85, PE LTP: 29.55, Combined PnL: -0.83%
2025-06-05 14:49:51,052 - INFO - CE LTP: 54.1, PE LTP: 29.45, Combined PnL: -0.65%
2025-06-05 14:49:56,217 - INFO - CE LTP: 53.7, PE LTP: 29.35, Combined PnL: -1.25%
2025-06-05 14:50:01,333 - INFO - CE LTP: 53.75, PE LTP: 29.6, Combined PnL: -0.89%
2025-06-05 14:50:06,501 - INFO - CE LTP: 53.3, PE LTP: 29.95, Combined PnL: -1.01%
2025-06-05 14:50:11,618 - INFO - CE LTP: 53.5, PE LTP: 29.7, Combined PnL: -1.07%
2025-06-05 14:50:16,723 - INFO - CE LTP: 54.4, PE LTP: 29.65, Combined PnL: -0.06%
2025-06-05 14:50:21,831 - INFO - CE LTP: 55.15, PE LTP: 28.8, Combined PnL: -0.18%
2025-06-05 14:50:26,955 - INFO - CE LTP: 55, PE LTP: 29, Combined PnL: -0.12%
2025-06-05 14:50:32,071 - INFO - CE LTP: 55.5, PE LTP: 28.75, Combined PnL: 0.18%
2025-06-05 14:50:37,249 - INFO - CE LTP: 55.5, PE LTP: 28.65, Combined PnL: 0.06%
2025-06-05 14:50:42,364 - INFO - CE LTP: 56.1, PE LTP: 28.45, Combined PnL: 0.54%
2025-06-05 14:50:47,485 - INFO - CE LTP: 55.6, PE LTP: 28.2, Combined PnL: -0.36%
2025-06-05 14:50:52,602 - INFO - CE LTP: 54.35, PE LTP: 28.8, Combined PnL: -1.13%
2025-06-05 14:50:57,710 - INFO - CE LTP: 55.45, PE LTP: 28.35, Combined PnL: -0.36%
2025-06-05 14:51:02,812 - INFO - CE LTP: 55.4, PE LTP: 28.2, Combined PnL: -0.59%
2025-06-05 14:51:07,918 - INFO - CE LTP: 55.25, PE LTP: 28.25, Combined PnL: -0.71%
2025-06-05 14:51:13,026 - INFO - CE LTP: 54.75, PE LTP: 28.3, Combined PnL: -1.25%
2025-06-05 14:51:18,134 - INFO - CE LTP: 55.2, PE LTP: 28.5, Combined PnL: -0.48%
2025-06-05 14:51:23,245 - INFO - CE LTP: 54.9, PE LTP: 28.25, Combined PnL: -1.13%
2025-06-05 14:51:28,407 - INFO - CE LTP: 54.5, PE LTP: 28.45, Combined PnL: -1.37%
2025-06-05 14:51:33,522 - INFO - CE LTP: 55.4, PE LTP: 28.85, Combined PnL: 0.18%
2025-06-05 14:51:38,629 - INFO - CE LTP: 55.2, PE LTP: 28.8, Combined PnL: -0.12%
2025-06-05 14:51:43,738 - INFO - CE LTP: 55.4, PE LTP: 28.75, Combined PnL: 0.06%
2025-06-05 14:51:48,856 - INFO - CE LTP: 55.65, PE LTP: 28.55, Combined PnL: 0.12%
2025-06-05 14:51:53,956 - INFO - CE LTP: 55.8, PE LTP: 28.45, Combined PnL: 0.18%
2025-06-05 14:51:59,057 - INFO - CE LTP: 54.95, PE LTP: 28.65, Combined PnL: -0.59%
2025-06-05 14:52:04,179 - INFO - CE LTP: 55.55, PE LTP: 28.8, Combined PnL: 0.30%
2025-06-05 14:52:09,294 - INFO - CE LTP: 55.05, PE LTP: 29.35, Combined PnL: 0.36%
2025-06-05 14:52:14,392 - INFO - CE LTP: 55.45, PE LTP: 28.7, Combined PnL: 0.06%
2025-06-05 14:52:19,494 - INFO - CE LTP: 55.05, PE LTP: 28.85, Combined PnL: -0.24%
2025-06-05 14:52:24,593 - INFO - CE LTP: 55.4, PE LTP: 28.9, Combined PnL: 0.24%
2025-06-05 14:52:29,694 - INFO - CE LTP: 55.35, PE LTP: 29.15, Combined PnL: 0.48%
2025-06-05 14:52:34,805 - INFO - CE LTP: 55.85, PE LTP: 28.95, Combined PnL: 0.83%
2025-06-05 14:52:39,910 - INFO - CE LTP: 55.4, PE LTP: 28.95, Combined PnL: 0.30%
2025-06-05 14:52:45,029 - INFO - CE LTP: 54.15, PE LTP: 29.15, Combined PnL: -0.95%
2025-06-05 14:52:50,134 - INFO - CE LTP: 53.55, PE LTP: 29.35, Combined PnL: -1.43%
2025-06-05 14:52:55,236 - INFO - CE LTP: 54.45, PE LTP: 29.4, Combined PnL: -0.30%
2025-06-05 14:53:00,340 - INFO - CE LTP: 54.75, PE LTP: 29, Combined PnL: -0.42%
2025-06-05 14:53:05,447 - INFO - CE LTP: 54.4, PE LTP: 29.2, Combined PnL: -0.59%
2025-06-05 14:53:10,550 - INFO - CE LTP: 54.4, PE LTP: 29.15, Combined PnL: -0.65%
2025-06-05 14:53:15,685 - INFO - CE LTP: 53.9, PE LTP: 29.1, Combined PnL: -1.31%
2025-06-05 14:53:20,796 - INFO - CE LTP: 53.75, PE LTP: 29.15, Combined PnL: -1.43%
2025-06-05 14:53:25,912 - INFO - CE LTP: 53.95, PE LTP: 29.1, Combined PnL: -1.25%
2025-06-05 14:53:31,010 - INFO - CE LTP: 53.8, PE LTP: 29.15, Combined PnL: -1.37%
2025-06-05 14:53:36,115 - INFO - CE LTP: 53.4, PE LTP: 29.3, Combined PnL: -1.66%
2025-06-05 14:53:41,218 - INFO - CE LTP: 53.3, PE LTP: 29.5, Combined PnL: -1.55%
2025-06-05 14:53:46,383 - INFO - CE LTP: 53.8, PE LTP: 29.25, Combined PnL: -1.25%
2025-06-05 14:53:51,499 - INFO - CE LTP: 53.5, PE LTP: 29.4, Combined PnL: -1.43%
2025-06-05 14:53:56,612 - INFO - CE LTP: 53.4, PE LTP: 29.3, Combined PnL: -1.66%
2025-06-05 14:54:01,711 - INFO - CE LTP: 52.95, PE LTP: 29.5, Combined PnL: -1.96%
2025-06-05 14:54:06,816 - INFO - CE LTP: 53, PE LTP: 29.4, Combined PnL: -2.02%
2025-06-05 14:54:11,970 - INFO - CE LTP: 52.6, PE LTP: 29.7, Combined PnL: -2.14%
2025-06-05 14:54:17,090 - INFO - CE LTP: 52.55, PE LTP: 29.65, Combined PnL: -2.26%
2025-06-05 14:54:22,194 - INFO - CE LTP: 52.2, PE LTP: 29.6, Combined PnL: -2.73%
2025-06-05 14:54:22,194 - INFO - SL hit (-2.73%). Exiting both positions.
2025-06-05 14:54:22,403 - INFO - Squared off NIFTY2561225200CE
2025-06-05 14:54:22,605 - INFO - Squared off NIFTY2561224200PE
